<?xml version="1.0" encoding="UTF-8"?>
<testng-results ignored="0" total="1" passed="1" failed="0" skipped="0">
  <reporter-output>
  </reporter-output>
  <suite started-at="2023-11-22T13:15:32 IST" name="Default suite" finished-at="2023-11-22T13:15:39 IST" duration-ms="7117">
    <groups>
    </groups>
    <test started-at="2023-11-22T13:15:32 IST" name="Default test" finished-at="2023-11-22T13:15:39 IST" duration-ms="7117">
      <class name="Test.ProductsTestPage">
        <test-method is-config="true" signature="setup()[pri:0, instance:Test.ProductsTestPage@747ddf94]" started-at="2023-11-22T13:15:32 IST" name="setup" finished-at="2023-11-22T13:15:35 IST" duration-ms="2795" status="PASS">
          <reporter-output>
          </reporter-output>
        </test-method> <!-- setup -->
        <test-method signature="ValidateSearchFunction()[pri:0, instance:Test.ProductsTestPage@747ddf94]" started-at="2023-11-22T13:15:35 IST" name="ValidateSearchFunction" finished-at="2023-11-22T13:15:39 IST" duration-ms="4276" status="PASS">
          <reporter-output>
          </reporter-output>
        </test-method> <!-- ValidateSearchFunction -->
      </class> <!-- Test.ProductsTestPage -->
    </test> <!-- Default test -->
  </suite> <!-- Default suite -->
</testng-results>
